<?xml version="1.0" encoding="UTF-8"?>
<robot generator="Robot 2.8.5 (Jython 2.5.3 on java1.7.0_45)" generated="20140904 21:27:10.873">
<suite source="C:\Users\Steven\Documents\GitHub\CS-310\TicTacToe\acceptance\TicTacToeTests.txt" id="s1" name="TicTacToeTests">
<test id="s1-t1" name="Win Diagonally as X">
<kw type="kw" name="Start New Game">
<doc></doc>
<arguments>
</arguments>
<msg timestamp="20140904 21:27:11.415" level="FAIL">No keyword with name 'Start New Game' found.</msg>
<status status="FAIL" endtime="20140904 21:27:11.416" starttime="20140904 21:27:11.413"></status>
</kw>
<doc></doc>
<tags>
</tags>
<status status="FAIL" critical="yes" endtime="20140904 21:27:11.420" starttime="20140904 21:27:11.404">No keyword with name 'Start New Game' found.</status>
</test>
<test id="s1-t2" name="Win Horizontally as O">
<kw type="kw" name="Start New Game">
<doc></doc>
<arguments>
</arguments>
<msg timestamp="20140904 21:27:11.440" level="FAIL">No keyword with name 'Start New Game' found.</msg>
<status status="FAIL" endtime="20140904 21:27:11.441" starttime="20140904 21:27:11.438"></status>
</kw>
<doc></doc>
<tags>
</tags>
<status status="FAIL" critical="yes" endtime="20140904 21:27:11.444" starttime="20140904 21:27:11.426">No keyword with name 'Start New Game' found.</status>
</test>
<test id="s1-t3" name="Force a Tie">
<kw type="kw" name="Start New Game">
<doc></doc>
<arguments>
</arguments>
<msg timestamp="20140904 21:27:11.458" level="FAIL">No keyword with name 'Start New Game' found.</msg>
<status status="FAIL" endtime="20140904 21:27:11.459" starttime="20140904 21:27:11.457"></status>
</kw>
<doc></doc>
<tags>
</tags>
<status status="FAIL" critical="yes" endtime="20140904 21:27:11.462" starttime="20140904 21:27:11.449">No keyword with name 'Start New Game' found.</status>
</test>
<doc></doc>
<metadata>
</metadata>
<status status="FAIL" endtime="20140904 21:27:11.472" starttime="20140904 21:27:10.883"></status>
</suite>
<statistics>
<total>
<stat pass="0" fail="3">Critical Tests</stat>
<stat pass="0" fail="3">All Tests</stat>
</total>
<tag>
</tag>
<suite>
<stat pass="0" id="s1" fail="3" name="TicTacToeTests">TicTacToeTests</stat>
</suite>
</statistics>
<errors>
<msg timestamp="20140904 21:27:11.393" level="ERROR">Error in file 'C:\Users\Steven\Documents\GitHub\CS-310\TicTacToe\acceptance\TicTacToeTests.txt': Importing test library 'TicTacToeKeywords' failed: ImportError: No module named TicTacToeKeywords
Traceback (most recent call last):
  None
PYTHONPATH:
  C:\RobotFramework\robotframework-2.8.5.jar\Lib\robot\libraries
  C:\RobotFramework\robotframework-2.8.5.jar\Lib
  C:\RobotFramework\Lib
  __classpath__
  __pyclasspath__/
  .
  C:\Users\Steven\Documents\GitHub\CS-310\TicTacToe\acceptance
CLASSPATH:
  .
  ..\build\classes\main
  C:\RobotFramework\robotframework-2.8.5.jar</msg>
</errors>
</robot>
