<?xml version="1.0" encoding="UTF-8"?>
<robot generator="Robot 2.8.5 (Jython 2.5.3 on java1.7.0_45)" generated="20140904 22:33:26.347">
<suite source="C:\Users\Steven\Documents\GitHub\CS-310\TicTacToe\acceptance\TicTacToeTests.txt" id="s1" name="TicTacToeTests">
<test id="s1-t1" name="Win Diagonally as X">
<kw type="kw" name="Start New Game">
<doc></doc>
<arguments>
</arguments>
<msg timestamp="20140904 22:33:26.939" level="FAIL">No keyword with name 'Start New Game' found.</msg>
<status status="FAIL" endtime="20140904 22:33:26.940" starttime="20140904 22:33:26.937"></status>
</kw>
<doc></doc>
<tags>
</tags>
<status status="FAIL" critical="yes" endtime="20140904 22:33:26.944" starttime="20140904 22:33:26.927">No keyword with name 'Start New Game' found.</status>
</test>
<test id="s1-t2" name="Win Horizontally as O">
<kw type="kw" name="Start New Game">
<doc></doc>
<arguments>
</arguments>
<msg timestamp="20140904 22:33:26.967" level="FAIL">No keyword with name 'Start New Game' found.</msg>
<status status="FAIL" endtime="20140904 22:33:26.968" starttime="20140904 22:33:26.964"></status>
</kw>
<doc></doc>
<tags>
</tags>
<status status="FAIL" critical="yes" endtime="20140904 22:33:26.970" starttime="20140904 22:33:26.952">No keyword with name 'Start New Game' found.</status>
</test>
<test id="s1-t3" name="Force a Tie">
<kw type="kw" name="Start New Game">
<doc></doc>
<arguments>
</arguments>
<msg timestamp="20140904 22:33:26.988" level="FAIL">No keyword with name 'Start New Game' found.</msg>
<status status="FAIL" endtime="20140904 22:33:26.989" starttime="20140904 22:33:26.986"></status>
</kw>
<doc></doc>
<tags>
</tags>
<status status="FAIL" critical="yes" endtime="20140904 22:33:26.991" starttime="20140904 22:33:26.978">No keyword with name 'Start New Game' found.</status>
</test>
<doc></doc>
<metadata>
</metadata>
<status status="FAIL" endtime="20140904 22:33:27.001" starttime="20140904 22:33:26.357"></status>
</suite>
<statistics>
<total>
<stat pass="0" fail="3">Critical Tests</stat>
<stat pass="0" fail="3">All Tests</stat>
</total>
<tag>
</tag>
<suite>
<stat pass="0" id="s1" fail="3" name="TicTacToeTests">TicTacToeTests</stat>
</suite>
</statistics>
<errors>
<msg timestamp="20140904 22:33:26.906" level="ERROR">Error in file 'C:\Users\Steven\Documents\GitHub\CS-310\TicTacToe\acceptance\TicTacToeTests.txt': Importing test library 'TicTacToeKeywords' failed: ImportError: No module named TicTacToeKeywords
Traceback (most recent call last):
  None
PYTHONPATH:
  C:\RobotFramework\robotframework-2.8.5.jar\Lib\robot\libraries
  C:\RobotFramework\robotframework-2.8.5.jar\Lib
  C:\RobotFramework\Lib
  __classpath__
  __pyclasspath__/
  .
  C:\Users\Steven\Documents\GitHub\CS-310\TicTacToe\acceptance
CLASSPATH:
  .
  ..\build\classes\main
  C:\RobotFramework\robotframework-2.8.5.jar</msg>
</errors>
</robot>
