<?xml version="1.0" encoding="UTF-8"?>
<robot generator="Robot 2.8.5 (Jython 2.5.3 on java1.7.0_45)" generated="20140903 23:10:47.856">
<suite source="C:\Users\Steven\Documents\GitHub\CS-310\TicTacToe\acceptance\TicTacToeTests.txt" id="s1" name="TicTacToeTests">
<test id="s1-t1" name="Win Diagonally as X">
<kw type="kw" name="Start New Game">
<doc></doc>
<arguments>
</arguments>
<msg timestamp="20140903 23:10:48.404" level="FAIL">No keyword with name 'Start New Game' found.</msg>
<status status="FAIL" endtime="20140903 23:10:48.405" starttime="20140903 23:10:48.402"></status>
</kw>
<doc></doc>
<tags>
</tags>
<status status="FAIL" critical="yes" endtime="20140903 23:10:48.409" starttime="20140903 23:10:48.392">No keyword with name 'Start New Game' found.</status>
</test>
<test id="s1-t2" name="Win Horizontally as O">
<kw type="kw" name="Start New Game">
<doc></doc>
<arguments>
</arguments>
<msg timestamp="20140903 23:10:48.429" level="FAIL">No keyword with name 'Start New Game' found.</msg>
<status status="FAIL" endtime="20140903 23:10:48.430" starttime="20140903 23:10:48.428"></status>
</kw>
<doc></doc>
<tags>
</tags>
<status status="FAIL" critical="yes" endtime="20140903 23:10:48.432" starttime="20140903 23:10:48.419">No keyword with name 'Start New Game' found.</status>
</test>
<test id="s1-t3" name="Force a Tie">
<kw type="kw" name="Start New Game">
<doc></doc>
<arguments>
</arguments>
<msg timestamp="20140903 23:10:48.449" level="FAIL">No keyword with name 'Start New Game' found.</msg>
<status status="FAIL" endtime="20140903 23:10:48.450" starttime="20140903 23:10:48.447"></status>
</kw>
<doc></doc>
<tags>
</tags>
<status status="FAIL" critical="yes" endtime="20140903 23:10:48.452" starttime="20140903 23:10:48.439">No keyword with name 'Start New Game' found.</status>
</test>
<doc></doc>
<metadata>
</metadata>
<status status="FAIL" endtime="20140903 23:10:48.461" starttime="20140903 23:10:47.865"></status>
</suite>
<statistics>
<total>
<stat pass="0" fail="3">Critical Tests</stat>
<stat pass="0" fail="3">All Tests</stat>
</total>
<tag>
</tag>
<suite>
<stat pass="0" id="s1" fail="3" name="TicTacToeTests">TicTacToeTests</stat>
</suite>
</statistics>
<errors>
<msg timestamp="20140903 23:10:48.375" level="ERROR">Error in file 'C:\Users\Steven\Documents\GitHub\CS-310\TicTacToe\acceptance\TicTacToeTests.txt': Importing test library 'TicTacToeKeywords' failed: ImportError: No module named TicTacToeKeywords
Traceback (most recent call last):
  None
PYTHONPATH:
  C:\RobotFramework\robotframework-2.8.5.jar\Lib\robot\libraries
  C:\RobotFramework\robotframework-2.8.5.jar\Lib
  C:\RobotFramework\Lib
  __classpath__
  __pyclasspath__/
  .
  C:\Users\Steven\Documents\GitHub\CS-310\TicTacToe\acceptance
CLASSPATH:
  .
  ..\build\classes\main
  C:\RobotFramework\robotframework-2.8.5.jar</msg>
</errors>
</robot>
